#! /c/Source/iverilog-install/bin/vvp
:ivl_version "12.0 (devel)" "(s20150603-1110-g18392a46)";
:ivl_delay_selection "TYPICAL";
:vpi_time_precision - 12;
:vpi_module "C:\iverilog\lib\ivl\system.vpi";
:vpi_module "C:\iverilog\lib\ivl\vhdl_sys.vpi";
:vpi_module "C:\iverilog\lib\ivl\vhdl_textio.vpi";
:vpi_module "C:\iverilog\lib\ivl\v2005_math.vpi";
:vpi_module "C:\iverilog\lib\ivl\va_math.vpi";
S_0000019bdd69e450 .scope module, "traffic_light_tb" "traffic_light_tb" 2 3;
 .timescale -9 -12;
v0000019bdd69b8f0_0 .var "clk", 0 0;
v0000019bdd69b990_0 .net "lights", 2 0, v0000019bdd69e770_0;  1 drivers
v0000019bdd69ba30_0 .var "reset", 0 0;
S_0000019bdd69e5e0 .scope module, "dut" "traffic_light" 2 8, 3 1 0, S_0000019bdd69e450;
 .timescale 0 0;
    .port_info 0 /INPUT 1 "clk";
    .port_info 1 /INPUT 1 "reset";
    .port_info 2 /OUTPUT 3 "lights";
P_0000019bdd69b500 .param/l "GREEN" 0 3 9, C4<01>;
P_0000019bdd69b538 .param/l "RED" 0 3 8, C4<00>;
P_0000019bdd69b570 .param/l "YELLOW" 0 3 10, C4<10>;
v0000019bdd697010_0 .net "clk", 0 0, v0000019bdd69b8f0_0;  1 drivers
v0000019bdd696d40_0 .var "current_state", 1 0;
v0000019bdd69e770_0 .var "lights", 2 0;
v0000019bdd69e810_0 .var "next_state", 1 0;
v0000019bdd69b850_0 .net "reset", 0 0, v0000019bdd69ba30_0;  1 drivers
E_0000019bdd699390 .event anyedge, v0000019bdd696d40_0;
E_0000019bdd698f10 .event posedge, v0000019bdd69b850_0, v0000019bdd697010_0;
    .scope S_0000019bdd69e5e0;
T_0 ;
    %wait E_0000019bdd698f10;
    %load/vec4 v0000019bdd69b850_0;
    %flag_set/vec4 8;
    %jmp/0xz  T_0.0, 8;
    %pushi/vec4 0, 0, 2;
    %assign/vec4 v0000019bdd696d40_0, 0;
    %jmp T_0.1;
T_0.0 ;
    %load/vec4 v0000019bdd69e810_0;
    %assign/vec4 v0000019bdd696d40_0, 0;
T_0.1 ;
    %jmp T_0;
    .thread T_0;
    .scope S_0000019bdd69e5e0;
T_1 ;
    %wait E_0000019bdd699390;
    %load/vec4 v0000019bdd696d40_0;
    %dup/vec4;
    %pushi/vec4 0, 0, 2;
    %cmp/u;
    %jmp/1 T_1.0, 6;
    %dup/vec4;
    %pushi/vec4 1, 0, 2;
    %cmp/u;
    %jmp/1 T_1.1, 6;
    %dup/vec4;
    %pushi/vec4 2, 0, 2;
    %cmp/u;
    %jmp/1 T_1.2, 6;
    %pushi/vec4 4, 0, 3;
    %store/vec4 v0000019bdd69e770_0, 0, 3;
    %pushi/vec4 0, 0, 2;
    %store/vec4 v0000019bdd69e810_0, 0, 2;
    %jmp T_1.4;
T_1.0 ;
    %pushi/vec4 4, 0, 3;
    %store/vec4 v0000019bdd69e770_0, 0, 3;
    %pushi/vec4 1, 0, 2;
    %store/vec4 v0000019bdd69e810_0, 0, 2;
    %jmp T_1.4;
T_1.1 ;
    %pushi/vec4 1, 0, 3;
    %store/vec4 v0000019bdd69e770_0, 0, 3;
    %pushi/vec4 2, 0, 2;
    %store/vec4 v0000019bdd69e810_0, 0, 2;
    %jmp T_1.4;
T_1.2 ;
    %pushi/vec4 2, 0, 3;
    %store/vec4 v0000019bdd69e770_0, 0, 3;
    %pushi/vec4 0, 0, 2;
    %store/vec4 v0000019bdd69e810_0, 0, 2;
    %jmp T_1.4;
T_1.4 ;
    %pop/vec4 1;
    %jmp T_1;
    .thread T_1, $push;
    .scope S_0000019bdd69e450;
T_2 ;
    %delay 5000, 0;
    %load/vec4 v0000019bdd69b8f0_0;
    %inv;
    %store/vec4 v0000019bdd69b8f0_0, 0, 1;
    %jmp T_2;
    .thread T_2;
    .scope S_0000019bdd69e450;
T_3 ;
    %vpi_call 2 18 "$dumpfile", "traffic_light.vcd" {0 0 0};
    %vpi_call 2 19 "$dumpvars", 32'sb00000000000000000000000000000000, S_0000019bdd69e450 {0 0 0};
    %pushi/vec4 0, 0, 1;
    %store/vec4 v0000019bdd69b8f0_0, 0, 1;
    %pushi/vec4 1, 0, 1;
    %store/vec4 v0000019bdd69ba30_0, 0, 1;
    %delay 10000, 0;
    %pushi/vec4 0, 0, 1;
    %store/vec4 v0000019bdd69ba30_0, 0, 1;
    %delay 100000, 0;
    %vpi_call 2 27 "$finish" {0 0 0};
    %end;
    .thread T_3;
# The file index is used to find the file name in the following table.
:file_names 4;
    "N/A";
    "<interactive>";
    "tb/traffic_light_tb.v";
    "src/traffic_light.v";
